0 verbose cli /usr/local/bin/node /usr/local/bin/npm
1 info using npm@11.6.2
2 info using node@v24.12.0
3 silly config load:file:/usr/local/lib/node_modules/npm/npmrc
4 silly config load:file:/Users/felipevalor/Downloads/Barberias/Barberias/backend/.npmrc
5 silly config load:file:/Users/felipevalor/.npmrc
6 silly config load:file:/usr/local/etc/npmrc
7 verbose title npm install nodemailer
8 verbose argv "install" "nodemailer"
9 verbose logfile logs-max:10 dir:/Users/felipevalor/Downloads/Barberias/Barberias/.npm-cache/_logs/2026-02-21T02_33_57_937Z-
10 verbose logfile /Users/felipevalor/Downloads/Barberias/Barberias/.npm-cache/_logs/2026-02-21T02_33_57_937Z-debug-0.log
11 silly logfile start cleaning logs, removing 1 files
12 silly packumentCache heap:2348810240 maxSize:587202560 maxEntrySize:293601280
13 silly logfile done cleaning log files
14 silly idealTree buildDeps
15 silly fetch manifest nodemailer@*
16 silly packumentCache full:https://registry.npmjs.org/nodemailer cache-miss
17 http fetch GET 200 https://registry.npmjs.org/nodemailer 510ms (cache miss)
18 silly packumentCache full:https://registry.npmjs.org/nodemailer set size:undefined disposed:false
19 silly placeDep ROOT nodemailer@8.0.1 OK for: backend@1.0.0 want: *
20 silly reify moves {}
21 silly audit bulk request {
21 silly audit   '@cspotcode/source-map-support': [ '0.8.1' ],
21 silly audit   '@esbuild/aix-ppc64': [ '0.27.3' ],
21 silly audit   '@esbuild/android-arm': [ '0.27.3' ],
21 silly audit   '@esbuild/android-arm64': [ '0.27.3' ],
21 silly audit   '@esbuild/android-x64': [ '0.27.3' ],
21 silly audit   '@esbuild/darwin-arm64': [ '0.27.3' ],
21 silly audit   '@esbuild/darwin-x64': [ '0.27.3' ],
21 silly audit   '@esbuild/freebsd-arm64': [ '0.27.3' ],
21 silly audit   '@esbuild/freebsd-x64': [ '0.27.3' ],
21 silly audit   '@esbuild/linux-arm': [ '0.27.3' ],
21 silly audit   '@esbuild/linux-arm64': [ '0.27.3' ],
21 silly audit   '@esbuild/linux-ia32': [ '0.27.3' ],
21 silly audit   '@esbuild/linux-loong64': [ '0.27.3' ],
21 silly audit   '@esbuild/linux-mips64el': [ '0.27.3' ],
21 silly audit   '@esbuild/linux-ppc64': [ '0.27.3' ],
21 silly audit   '@esbuild/linux-riscv64': [ '0.27.3' ],
21 silly audit   '@esbuild/linux-s390x': [ '0.27.3' ],
21 silly audit   '@esbuild/linux-x64': [ '0.27.3' ],
21 silly audit   '@esbuild/netbsd-arm64': [ '0.27.3' ],
21 silly audit   '@esbuild/netbsd-x64': [ '0.27.3' ],
21 silly audit   '@esbuild/openbsd-arm64': [ '0.27.3' ],
21 silly audit   '@esbuild/openbsd-x64': [ '0.27.3' ],
21 silly audit   '@esbuild/openharmony-arm64': [ '0.27.3' ],
21 silly audit   '@esbuild/sunos-x64': [ '0.27.3' ],
21 silly audit   '@esbuild/win32-arm64': [ '0.27.3' ],
21 silly audit   '@esbuild/win32-ia32': [ '0.27.3' ],
21 silly audit   '@esbuild/win32-x64': [ '0.27.3' ],
21 silly audit   '@jridgewell/resolve-uri': [ '3.1.2' ],
21 silly audit   '@jridgewell/sourcemap-codec': [ '1.5.5' ],
21 silly audit   '@jridgewell/trace-mapping': [ '0.3.9' ],
21 silly audit   '@prisma/client': [ '6.19.2' ],
21 silly audit   '@prisma/config': [ '6.19.2' ],
21 silly audit   '@prisma/debug': [ '6.19.2' ],
21 silly audit   '@prisma/engines': [ '6.19.2' ],
21 silly audit   '@prisma/engines-version': [ '7.1.1-3.c2990dca591cba766e3b7ef5d9e8a84796e47ab7' ],
21 silly audit   '@prisma/fetch-engine': [ '6.19.2' ],
21 silly audit   '@prisma/get-platform': [ '6.19.2' ],
21 silly audit   '@standard-schema/spec': [ '1.1.0' ],
21 silly audit   '@tsconfig/node10': [ '1.0.12' ],
21 silly audit   '@tsconfig/node12': [ '1.0.11' ],
21 silly audit   '@tsconfig/node14': [ '1.0.3' ],
21 silly audit   '@tsconfig/node16': [ '1.0.4' ],
21 silly audit   '@types/bcrypt': [ '6.0.0' ],
21 silly audit   '@types/body-parser': [ '1.19.6' ],
21 silly audit   '@types/connect': [ '3.4.38' ],
21 silly audit   '@types/cors': [ '2.8.19' ],
21 silly audit   '@types/express': [ '5.0.6' ],
21 silly audit   '@types/express-serve-static-core': [ '5.1.1' ],
21 silly audit   '@types/http-errors': [ '2.0.5' ],
21 silly audit   '@types/jsonwebtoken': [ '9.0.10' ],
21 silly audit   '@types/ms': [ '2.1.0' ],
21 silly audit   '@types/node': [ '25.3.0' ],
21 silly audit   '@types/qs': [ '6.14.0' ],
21 silly audit   '@types/range-parser': [ '1.2.7' ],
21 silly audit   '@types/send': [ '1.2.1' ],
21 silly audit   '@types/serve-static': [ '2.2.0' ],
21 silly audit   '@types/strip-bom': [ '3.0.0' ],
21 silly audit   '@types/strip-json-comments': [ '0.0.30' ],
21 silly audit   accepts: [ '2.0.0' ],
21 silly audit   acorn: [ '8.16.0' ],
21 silly audit   'acorn-walk': [ '8.3.5' ],
21 silly audit   anymatch: [ '3.1.3' ],
21 silly audit   arg: [ '4.1.3' ],
21 silly audit   'balanced-match': [ '1.0.2' ],
21 silly audit   bcrypt: [ '6.0.0' ],
21 silly audit   'binary-extensions': [ '2.3.0' ],
21 silly audit   'body-parser': [ '2.2.2' ],
21 silly audit   'brace-expansion': [ '1.1.12' ],
21 silly audit   braces: [ '3.0.3' ],
21 silly audit   'buffer-equal-constant-time': [ '1.0.1' ],
21 silly audit   'buffer-from': [ '1.1.2' ],
21 silly audit   bytes: [ '3.1.2' ],
21 silly audit   c12: [ '3.1.0' ],
21 silly audit   dotenv: [ '16.6.1', '17.3.1' ],
21 silly audit   'call-bind-apply-helpers': [ '1.0.2' ],
21 silly audit   'call-bound': [ '1.0.4' ],
21 silly audit   chokidar: [ '4.0.3', '3.6.0' ],
21 silly audit   citty: [ '0.1.6', '0.2.1' ],
21 silly audit   'concat-map': [ '0.0.1' ],
21 silly audit   confbox: [ '0.2.4' ],
21 silly audit   consola: [ '3.4.2' ],
21 silly audit   'content-disposition': [ '1.0.1' ],
21 silly audit   'content-type': [ '1.0.5' ],
21 silly audit   cookie: [ '0.7.2' ],
21 silly audit   'cookie-signature': [ '1.2.2' ],
21 silly audit   cors: [ '2.8.6' ],
21 silly audit   'create-require': [ '1.1.1' ],
21 silly audit   debug: [ '4.4.3' ],
21 silly audit   'deepmerge-ts': [ '7.1.5' ],
21 silly audit   defu: [ '6.1.4' ],
21 silly audit   depd: [ '2.0.0' ],
21 silly audit   destr: [ '2.0.5' ],
21 silly audit   diff: [ '4.0.4' ],
21 silly audit   'dunder-proto': [ '1.0.1' ],
21 silly audit   'dynamic-dedupe': [ '0.3.0' ],
21 silly audit   'ecdsa-sig-formatter': [ '1.0.11' ],
21 silly audit   'ee-first': [ '1.1.1' ],
21 silly audit   effect: [ '3.18.4' ],
21 silly audit   empathic: [ '2.0.0' ],
21 silly audit   encodeurl: [ '2.0.0' ],
21 silly audit   'es-define-property': [ '1.0.1' ],
21 silly audit   'es-errors': [ '1.3.0' ],
21 silly audit   'es-object-atoms': [ '1.1.1' ],
21 silly audit   esbuild: [ '0.27.3' ],
21 silly audit   'escape-html': [ '1.0.3' ],
21 silly audit   etag: [ '1.8.1' ],
21 silly audit   express: [ '5.2.1' ],
21 silly audit   exsolve: [ '1.0.8' ],
21 silly audit   'fast-check': [ '3.23.2' ],
21 silly audit   'fill-range': [ '7.1.1' ],
21 silly audit   finalhandler: [ '2.1.1' ],
21 silly audit   forwarded: [ '0.2.0' ],
21 silly audit   fresh: [ '2.0.0' ],
21 silly audit   'fs.realpath': [ '1.0.0' ],
21 silly audit   fsevents: [ '2.3.3' ],
21 silly audit   'function-bind': [ '1.1.2' ],
21 silly audit   'get-intrinsic': [ '1.3.0' ],
21 silly audit   'get-proto': [ '1.0.1' ],
21 silly audit   'get-tsconfig': [ '4.13.6' ],
21 silly audit   giget: [ '2.0.0' ],
21 silly audit   glob: [ '7.2.3' ],
21 silly audit   'glob-parent': [ '5.1.2' ],
21 silly audit   gopd: [ '1.2.0' ],
21 silly audit   'has-symbols': [ '1.1.0' ],
21 silly audit   hasown: [ '2.0.2' ],
21 silly audit   'http-errors': [ '2.0.1' ],
21 silly audit   'iconv-lite': [ '0.7.2' ],
21 silly audit   inflight: [ '1.0.6' ],
21 silly audit   inherits: [ '2.0.4' ],
21 silly audit   'ipaddr.js': [ '1.9.1' ],
21 silly audit   'is-binary-path': [ '2.1.0' ],
21 silly audit   'is-core-module': [ '2.16.1' ],
21 silly audit   'is-extglob': [ '2.1.1' ],
21 silly audit   'is-glob': [ '4.0.3' ],
21 silly audit   'is-number': [ '7.0.0' ],
21 silly audit   'is-promise': [ '4.0.0' ],
21 silly audit   jiti: [ '2.6.1' ],
21 silly audit   jsonwebtoken: [ '9.0.3' ],
21 silly audit   jwa: [ '2.0.1' ],
21 silly audit   jws: [ '4.0.1' ],
21 silly audit   'lodash.includes': [ '4.3.0' ],
21 silly audit   'lodash.isboolean': [ '3.0.3' ],
21 silly audit   'lodash.isinteger': [ '4.0.4' ],
21 silly audit   'lodash.isnumber': [ '3.0.3' ],
21 silly audit   'lodash.isplainobject': [ '4.0.6' ],
21 silly audit   'lodash.isstring': [ '4.0.1' ],
21 silly audit   'lodash.once': [ '4.1.1' ],
21 silly audit   'make-error': [ '1.3.6' ],
21 silly audit   'math-intrinsics': [ '1.1.0' ],
21 silly audit   'media-typer': [ '1.1.0' ],
21 silly audit   'merge-descriptors': [ '2.0.0' ],
21 silly audit   'mime-db': [ '1.54.0' ],
21 silly audit   'mime-types': [ '3.0.2' ],
21 silly audit   minimatch: [ '3.1.2' ],
21 silly audit   minimist: [ '1.2.8' ],
21 silly audit   mkdirp: [ '1.0.4' ],
21 silly audit   ms: [ '2.1.3' ],
21 silly audit   negotiator: [ '1.0.0' ],
21 silly audit   'node-addon-api': [ '8.5.0' ],
21 silly audit   'node-fetch-native': [ '1.6.7' ],
21 silly audit   'node-gyp-build': [ '4.8.4' ],
21 silly audit   'normalize-path': [ '3.0.0' ],
21 silly audit   nypm: [ '0.6.5' ],
21 silly audit   'object-assign': [ '4.1.1' ],
21 silly audit   'object-inspect': [ '1.13.4' ],
21 silly audit   ohash: [ '2.0.11' ],
21 silly audit   'on-finished': [ '2.4.1' ],
21 silly audit   once: [ '1.4.0' ],
21 silly audit   parseurl: [ '1.3.3' ],
21 silly audit   'path-is-absolute': [ '1.0.1' ],
21 silly audit   'path-parse': [ '1.0.7' ],
21 silly audit   'path-to-regexp': [ '8.3.0' ],
21 silly audit   pathe: [ '2.0.3' ],
21 silly audit   'perfect-debounce': [ '1.0.0' ],
21 silly audit   picomatch: [ '2.3.1' ],
21 silly audit   'pkg-types': [ '2.3.0' ],
21 silly audit   prisma: [ '6.19.2' ],
21 silly audit   'proxy-addr': [ '2.0.7' ],
21 silly audit   'pure-rand': [ '6.1.0' ],
21 silly audit   qs: [ '6.15.0' ],
21 silly audit   'range-parser': [ '1.2.1' ],
21 silly audit   'raw-body': [ '3.0.2' ],
21 silly audit   rc9: [ '2.1.2' ],
21 silly audit   readdirp: [ '4.1.2', '3.6.0' ],
21 silly audit   resolve: [ '1.22.11' ],
21 silly audit   'resolve-pkg-maps': [ '1.0.0' ],
21 silly audit   rimraf: [ '2.7.1' ],
21 silly audit   router: [ '2.2.0' ],
21 silly audit   'safe-buffer': [ '5.2.1' ],
21 silly audit   'safer-buffer': [ '2.1.2' ],
21 silly audit   semver: [ '7.7.4' ],
21 silly audit   send: [ '1.2.1' ],
21 silly audit   'serve-static': [ '2.2.1' ],
21 silly audit   setprototypeof: [ '1.2.0' ],
21 silly audit   'side-channel': [ '1.1.0' ],
21 silly audit   'side-channel-list': [ '1.0.0' ],
21 silly audit   'side-channel-map': [ '1.0.1' ],
21 silly audit   'side-channel-weakmap': [ '1.0.2' ],
21 silly audit   'source-map': [ '0.6.1' ],
21 silly audit   'source-map-support': [ '0.5.21' ],
21 silly audit   statuses: [ '2.0.2' ],
21 silly audit   'strip-bom': [ '3.0.0' ],
21 silly audit   'strip-json-comments': [ '2.0.1' ],
21 silly audit   'supports-preserve-symlinks-flag': [ '1.0.0' ],
21 silly audit   tinyexec: [ '1.0.2' ],
21 silly audit   'to-regex-range': [ '5.0.1' ],
21 silly audit   toidentifier: [ '1.0.1' ],
21 silly audit   'tree-kill': [ '1.2.2' ],
21 silly audit   'ts-node': [ '10.9.2' ],
21 silly audit   'ts-node-dev': [ '2.0.0' ],
21 silly audit   tsconfig: [ '7.0.0' ],
21 silly audit   tsx: [ '4.21.0' ],
21 silly audit   'type-is': [ '2.0.1' ],
21 silly audit   typescript: [ '5.9.3' ],
21 silly audit   'undici-types': [ '7.18.2' ],
21 silly audit   unpipe: [ '1.0.0' ],
21 silly audit   'v8-compile-cache-lib': [ '3.0.1' ],
21 silly audit   vary: [ '1.1.2' ],
21 silly audit   wrappy: [ '1.0.2' ],
21 silly audit   xtend: [ '4.0.2' ],
21 silly audit   yn: [ '3.1.1' ],
21 silly audit   nodemailer: [ '8.0.1' ]
21 silly audit }
22 http cache nodemailer@https://registry.npmjs.org/nodemailer/-/nodemailer-8.0.1.tgz 0ms (cache hit)
23 silly tarball no local data for nodemailer@https://registry.npmjs.org/nodemailer/-/nodemailer-8.0.1.tgz. Extracting by manifest.
24 http fetch GET 200 https://registry.npmjs.org/nodemailer/-/nodemailer-8.0.1.tgz 200ms (cache miss)
25 http fetch POST 200 https://registry.npmjs.org/-/npm/v1/security/advisories/bulk 235ms
26 silly audit report {
26 silly audit report   minimatch: [
26 silly audit report     {
26 silly audit report       id: 1113371,
26 silly audit report       url: 'https://github.com/advisories/GHSA-3ppc-4f35-3m26',
26 silly audit report       title: 'minimatch has a ReDoS via repeated wildcards with non-matching literal in pattern',
26 silly audit report       severity: 'high',
26 silly audit report       vulnerable_versions: '<10.2.1',
26 silly audit report       cwe: [Array],
26 silly audit report       cvss: [Object]
26 silly audit report     }
26 silly audit report   ]
26 silly audit report }
27 silly packumentCache corgi:https://registry.npmjs.org/minimatch cache-miss
28 http fetch GET 200 https://registry.npmjs.org/minimatch 50ms (cache revalidated)
29 silly packumentCache corgi:https://registry.npmjs.org/minimatch set size:149210 disposed:false
30 silly packumentCache corgi:https://registry.npmjs.org/glob cache-miss
31 http fetch GET 200 https://registry.npmjs.org/glob 56ms (cache revalidated)
32 silly packumentCache corgi:https://registry.npmjs.org/glob set size:199194 disposed:false
33 silly packumentCache corgi:https://registry.npmjs.org/rimraf cache-miss
34 http fetch GET 200 https://registry.npmjs.org/rimraf 36ms (cache revalidated)
35 silly packumentCache corgi:https://registry.npmjs.org/rimraf set size:87794 disposed:false
36 silly packumentCache corgi:https://registry.npmjs.org/ts-node-dev cache-miss
37 http fetch GET 200 https://registry.npmjs.org/ts-node-dev 58ms (cache revalidated)
38 silly packumentCache corgi:https://registry.npmjs.org/ts-node-dev set size:152890 disposed:false
39 silly ADD node_modules/nodemailer
40 verbose cwd /Users/felipevalor/Downloads/Barberias/Barberias/backend
41 verbose os Darwin 25.2.0
42 verbose node v24.12.0
43 verbose npm  v11.6.2
44 verbose exit 0
45 info ok
