0 verbose cli /usr/local/bin/node /usr/local/bin/npm
1 info using npm@11.6.2
2 info using node@v24.12.0
3 silly config load:file:/usr/local/lib/node_modules/npm/npmrc
4 silly config load:file:/Users/felipevalor/Downloads/Barberias/Barberias/frontend/.npmrc
5 silly config load:file:/Users/felipevalor/.npmrc
6 silly config load:file:/usr/local/etc/npmrc
7 verbose title npm install react-dnd react-dnd-html5-backend
8 verbose argv "install" "react-dnd" "react-dnd-html5-backend"
9 verbose logfile logs-max:10 dir:/Users/felipevalor/Downloads/Barberias/Barberias/.npm-cache/_logs/2026-02-21T03_02_34_188Z-
10 verbose logfile /Users/felipevalor/Downloads/Barberias/Barberias/.npm-cache/_logs/2026-02-21T03_02_34_188Z-debug-0.log
11 silly logfile start cleaning logs, removing 1 files
12 silly packumentCache heap:2348810240 maxSize:587202560 maxEntrySize:293601280
13 silly logfile done cleaning log files
14 silly idealTree buildDeps
15 silly fetch manifest react-dnd@*
16 silly packumentCache full:https://registry.npmjs.org/react-dnd cache-miss
17 http fetch GET 200 https://registry.npmjs.org/react-dnd 492ms (cache miss)
18 silly packumentCache full:https://registry.npmjs.org/react-dnd set size:undefined disposed:false
19 silly fetch manifest @types/hoist-non-react-statics@>= 3.3.1
20 silly packumentCache full:https://registry.npmjs.org/@types%2fhoist-non-react-statics cache-miss
21 http fetch GET 200 https://registry.npmjs.org/@types%2fhoist-non-react-statics 835ms (cache miss)
22 silly packumentCache full:https://registry.npmjs.org/@types%2fhoist-non-react-statics set size:undefined disposed:false
23 silly fetch manifest @types/react@^19
24 silly packumentCache full:https://registry.npmjs.org/@types%2freact cache-miss
25 http fetch GET 200 https://registry.npmjs.org/@types%2freact 52ms (cache revalidated)
26 silly packumentCache full:https://registry.npmjs.org/@types%2freact set size:2588986 disposed:false
27 silly fetch manifest @types/node@^20
28 silly packumentCache full:https://registry.npmjs.org/@types%2fnode cache-miss
29 http fetch GET 200 https://registry.npmjs.org/@types%2fnode 133ms (cache revalidated)
30 silly packumentCache full:https://registry.npmjs.org/@types%2fnode set size:10864169 disposed:false
31 silly fetch manifest react@19.2.3
32 silly packumentCache full:https://registry.npmjs.org/react cache-miss
33 http fetch GET 200 https://registry.npmjs.org/react 52ms (cache revalidated)
34 silly packumentCache full:https://registry.npmjs.org/react set size:6504076 disposed:false
35 silly fetch manifest react-dnd-html5-backend@*
36 silly packumentCache full:https://registry.npmjs.org/react-dnd-html5-backend cache-miss
37 http fetch GET 200 https://registry.npmjs.org/react-dnd-html5-backend 697ms (cache miss)
38 silly packumentCache full:https://registry.npmjs.org/react-dnd-html5-backend set size:undefined disposed:false
39 silly placeDep ROOT react-dnd@16.0.1 OK for: frontend@0.1.0 want: *
40 silly placeDep ROOT react-dnd-html5-backend@16.0.1 OK for: frontend@0.1.0 want: *
41 silly fetch manifest @react-dnd/invariant@^4.0.1
42 silly packumentCache full:https://registry.npmjs.org/@react-dnd%2finvariant cache-miss
43 silly fetch manifest @react-dnd/shallowequal@^4.0.1
44 silly packumentCache full:https://registry.npmjs.org/@react-dnd%2fshallowequal cache-miss
45 silly fetch manifest dnd-core@^16.0.1
46 silly packumentCache full:https://registry.npmjs.org/dnd-core cache-miss
47 silly fetch manifest hoist-non-react-statics@^3.3.2
48 silly packumentCache full:https://registry.npmjs.org/hoist-non-react-statics cache-miss
49 silly fetch manifest dnd-core@^16.0.1
50 silly packumentCache full:https://registry.npmjs.org/dnd-core cache-miss
51 http fetch GET 200 https://registry.npmjs.org/hoist-non-react-statics 611ms (cache miss)
52 silly packumentCache full:https://registry.npmjs.org/hoist-non-react-statics set size:undefined disposed:false
53 http fetch GET 200 https://registry.npmjs.org/@react-dnd%2finvariant 726ms (cache miss)
54 silly packumentCache full:https://registry.npmjs.org/@react-dnd%2finvariant set size:undefined disposed:false
55 http fetch GET 200 https://registry.npmjs.org/dnd-core 955ms (cache miss)
56 silly packumentCache full:https://registry.npmjs.org/dnd-core set size:undefined disposed:false
57 http fetch GET 200 https://registry.npmjs.org/@react-dnd%2fshallowequal 959ms (cache miss)
58 silly packumentCache full:https://registry.npmjs.org/@react-dnd%2fshallowequal set size:undefined disposed:false
59 http fetch GET 200 https://registry.npmjs.org/dnd-core 959ms (cache miss)
60 silly packumentCache full:https://registry.npmjs.org/dnd-core set size:undefined disposed:false
61 silly placeDep ROOT @react-dnd/invariant@4.0.2 OK for: react-dnd@16.0.1 want: ^4.0.1
62 silly placeDep ROOT @react-dnd/shallowequal@4.0.2 OK for: react-dnd@16.0.1 want: ^4.0.1
63 silly placeDep ROOT dnd-core@16.0.1 OK for: react-dnd@16.0.1 want: ^16.0.1
64 silly placeDep ROOT hoist-non-react-statics@3.3.2 OK for: react-dnd@16.0.1 want: ^3.3.2
65 silly fetch manifest @react-dnd/asap@^5.0.1
66 silly packumentCache full:https://registry.npmjs.org/@react-dnd%2fasap cache-miss
67 silly fetch manifest redux@^4.2.0
68 silly packumentCache full:https://registry.npmjs.org/redux cache-miss
69 http fetch GET 200 https://registry.npmjs.org/redux 293ms (cache miss)
70 silly packumentCache full:https://registry.npmjs.org/redux set size:undefined disposed:false
71 http fetch GET 200 https://registry.npmjs.org/@react-dnd%2fasap 544ms (cache miss)
72 silly packumentCache full:https://registry.npmjs.org/@react-dnd%2fasap set size:undefined disposed:false
73 silly placeDep ROOT @react-dnd/asap@5.0.2 OK for: dnd-core@16.0.1 want: ^5.0.1
74 silly placeDep ROOT redux@4.2.1 OK for: dnd-core@16.0.1 want: ^4.2.0
75 silly reify moves {}
76 silly audit bulk request {
76 silly audit   '@alloc/quick-lru': [ '5.2.0' ],
76 silly audit   '@babel/code-frame': [ '7.29.0' ],
76 silly audit   '@babel/compat-data': [ '7.29.0' ],
76 silly audit   '@babel/core': [ '7.29.0' ],
76 silly audit   '@babel/generator': [ '7.29.1' ],
76 silly audit   '@babel/helper-compilation-targets': [ '7.28.6' ],
76 silly audit   '@babel/helper-globals': [ '7.28.0' ],
76 silly audit   '@babel/helper-module-imports': [ '7.28.6' ],
76 silly audit   '@babel/helper-module-transforms': [ '7.28.6' ],
76 silly audit   '@babel/helper-string-parser': [ '7.27.1' ],
76 silly audit   '@babel/helper-validator-identifier': [ '7.28.5' ],
76 silly audit   '@babel/helper-validator-option': [ '7.27.1' ],
76 silly audit   '@babel/helpers': [ '7.28.6' ],
76 silly audit   '@babel/parser': [ '7.29.0' ],
76 silly audit   '@babel/runtime': [ '7.28.6' ],
76 silly audit   '@babel/template': [ '7.28.6' ],
76 silly audit   '@babel/traverse': [ '7.29.0' ],
76 silly audit   '@babel/types': [ '7.29.0' ],
76 silly audit   '@emnapi/core': [ '1.8.1' ],
76 silly audit   '@emnapi/runtime': [ '1.8.1' ],
76 silly audit   '@emnapi/wasi-threads': [ '1.1.0' ],
76 silly audit   '@eslint-community/eslint-utils': [ '4.9.1' ],
76 silly audit   'eslint-visitor-keys': [ '3.4.3', '5.0.1', '4.2.1' ],
76 silly audit   '@eslint-community/regexpp': [ '4.12.2' ],
76 silly audit   '@eslint/config-array': [ '0.21.1' ],
76 silly audit   '@eslint/config-helpers': [ '0.4.2' ],
76 silly audit   '@eslint/core': [ '0.17.0' ],
76 silly audit   '@eslint/eslintrc': [ '3.3.3' ],
76 silly audit   '@eslint/js': [ '9.39.3' ],
76 silly audit   '@eslint/object-schema': [ '2.1.7' ],
76 silly audit   '@eslint/plugin-kit': [ '0.4.1' ],
76 silly audit   '@humanfs/core': [ '0.19.1' ],
76 silly audit   '@humanfs/node': [ '0.16.7' ],
76 silly audit   '@humanwhocodes/module-importer': [ '1.0.1' ],
76 silly audit   '@humanwhocodes/retry': [ '0.4.3' ],
76 silly audit   '@img/colour': [ '1.0.0' ],
76 silly audit   '@img/sharp-darwin-arm64': [ '0.34.5' ],
76 silly audit   '@img/sharp-darwin-x64': [ '0.34.5' ],
76 silly audit   '@img/sharp-libvips-darwin-arm64': [ '1.2.4' ],
76 silly audit   '@img/sharp-libvips-darwin-x64': [ '1.2.4' ],
76 silly audit   '@img/sharp-libvips-linux-arm': [ '1.2.4' ],
76 silly audit   '@img/sharp-libvips-linux-arm64': [ '1.2.4' ],
76 silly audit   '@img/sharp-libvips-linux-ppc64': [ '1.2.4' ],
76 silly audit   '@img/sharp-libvips-linux-riscv64': [ '1.2.4' ],
76 silly audit   '@img/sharp-libvips-linux-s390x': [ '1.2.4' ],
76 silly audit   '@img/sharp-libvips-linux-x64': [ '1.2.4' ],
76 silly audit   '@img/sharp-libvips-linuxmusl-arm64': [ '1.2.4' ],
76 silly audit   '@img/sharp-libvips-linuxmusl-x64': [ '1.2.4' ],
76 silly audit   '@img/sharp-linux-arm': [ '0.34.5' ],
76 silly audit   '@img/sharp-linux-arm64': [ '0.34.5' ],
76 silly audit   '@img/sharp-linux-ppc64': [ '0.34.5' ],
76 silly audit   '@img/sharp-linux-riscv64': [ '0.34.5' ],
76 silly audit   '@img/sharp-linux-s390x': [ '0.34.5' ],
76 silly audit   '@img/sharp-linux-x64': [ '0.34.5' ],
76 silly audit   '@img/sharp-linuxmusl-arm64': [ '0.34.5' ],
76 silly audit   '@img/sharp-linuxmusl-x64': [ '0.34.5' ],
76 silly audit   '@img/sharp-wasm32': [ '0.34.5' ],
76 silly audit   '@img/sharp-win32-arm64': [ '0.34.5' ],
76 silly audit   '@img/sharp-win32-ia32': [ '0.34.5' ],
76 silly audit   '@img/sharp-win32-x64': [ '0.34.5' ],
76 silly audit   '@jridgewell/gen-mapping': [ '0.3.13' ],
76 silly audit   '@jridgewell/remapping': [ '2.3.5' ],
76 silly audit   '@jridgewell/resolve-uri': [ '3.1.2' ],
76 silly audit   '@jridgewell/sourcemap-codec': [ '1.5.5' ],
76 silly audit   '@jridgewell/trace-mapping': [ '0.3.31' ],
76 silly audit   '@napi-rs/wasm-runtime': [ '0.2.12' ],
76 silly audit   '@next/env': [ '16.1.6' ],
76 silly audit   '@next/eslint-plugin-next': [ '16.1.6' ],
76 silly audit   '@next/swc-darwin-arm64': [ '16.1.6' ],
76 silly audit   '@next/swc-darwin-x64': [ '16.1.6' ],
76 silly audit   '@next/swc-linux-arm64-gnu': [ '16.1.6' ],
76 silly audit   '@next/swc-linux-arm64-musl': [ '16.1.6' ],
76 silly audit   '@next/swc-linux-x64-gnu': [ '16.1.6' ],
76 silly audit   '@next/swc-linux-x64-musl': [ '16.1.6' ],
76 silly audit   '@next/swc-win32-arm64-msvc': [ '16.1.6' ],
76 silly audit   '@next/swc-win32-x64-msvc': [ '16.1.6' ],
76 silly audit   '@nodelib/fs.scandir': [ '2.1.5' ],
76 silly audit   '@nodelib/fs.stat': [ '2.0.5' ],
76 silly audit   '@nodelib/fs.walk': [ '1.2.8' ],
76 silly audit   '@nolyfill/is-core-module': [ '1.0.39' ],
76 silly audit   '@popperjs/core': [ '2.11.8' ],
76 silly audit   '@restart/hooks': [ '0.4.16' ],
76 silly audit   '@rtsao/scc': [ '1.1.0' ],
76 silly audit   '@swc/helpers': [ '0.5.15' ],
76 silly audit   '@tailwindcss/node': [ '4.2.0' ],
76 silly audit   '@tailwindcss/oxide': [ '4.2.0' ],
76 silly audit   '@tailwindcss/oxide-android-arm64': [ '4.2.0' ],
76 silly audit   '@tailwindcss/oxide-darwin-arm64': [ '4.2.0' ],
76 silly audit   '@tailwindcss/oxide-darwin-x64': [ '4.2.0' ],
76 silly audit   '@tailwindcss/oxide-freebsd-x64': [ '4.2.0' ],
76 silly audit   '@tailwindcss/oxide-linux-arm-gnueabihf': [ '4.2.0' ],
76 silly audit   '@tailwindcss/oxide-linux-arm64-gnu': [ '4.2.0' ],
76 silly audit   '@tailwindcss/oxide-linux-arm64-musl': [ '4.2.0' ],
76 silly audit   '@tailwindcss/oxide-linux-x64-gnu': [ '4.2.0' ],
76 silly audit   '@tailwindcss/oxide-linux-x64-musl': [ '4.2.0' ],
76 silly audit   '@tailwindcss/oxide-wasm32-wasi': [ '4.2.0' ],
76 silly audit   '@tailwindcss/oxide-win32-arm64-msvc': [ '4.2.0' ],
76 silly audit   '@tailwindcss/oxide-win32-x64-msvc': [ '4.2.0' ],
76 silly audit   '@tailwindcss/postcss': [ '4.2.0' ],
76 silly audit   '@tybys/wasm-util': [ '0.10.1' ],
76 silly audit   '@types/date-arithmetic': [ '4.1.4' ],
76 silly audit   '@types/estree': [ '1.0.8' ],
76 silly audit   '@types/json-schema': [ '7.0.15' ],
76 silly audit   '@types/json5': [ '0.0.29' ],
76 silly audit   '@types/node': [ '20.19.33' ],
76 silly audit   '@types/prop-types': [ '15.7.15' ],
76 silly audit   '@types/react': [ '19.2.14' ],
76 silly audit   '@types/react-big-calendar': [ '1.16.3' ],
76 silly audit   '@types/react-dom': [ '19.2.3' ],
76 silly audit   '@types/warning': [ '3.0.3' ],
76 silly audit   '@typescript-eslint/eslint-plugin': [ '8.56.0' ],
76 silly audit   ignore: [ '7.0.5', '5.3.2' ],
76 silly audit   '@typescript-eslint/parser': [ '8.56.0' ],
76 silly audit   '@typescript-eslint/project-service': [ '8.56.0' ],
76 silly audit   '@typescript-eslint/scope-manager': [ '8.56.0' ],
76 silly audit   '@typescript-eslint/tsconfig-utils': [ '8.56.0' ],
76 silly audit   '@typescript-eslint/type-utils': [ '8.56.0' ],
76 silly audit   '@typescript-eslint/types': [ '8.56.0' ],
76 silly audit   '@typescript-eslint/typescript-estree': [ '8.56.0' ],
76 silly audit   'brace-expansion': [ '2.0.2', '1.1.12' ],
76 silly audit   minimatch: [ '9.0.5', '3.1.2' ],
76 silly audit   semver: [ '7.7.4', '6.3.1' ],
76 silly audit   '@typescript-eslint/utils': [ '8.56.0' ],
76 silly audit   '@typescript-eslint/visitor-keys': [ '8.56.0' ],
76 silly audit   '@unrs/resolver-binding-android-arm-eabi': [ '1.11.1' ],
76 silly audit   '@unrs/resolver-binding-android-arm64': [ '1.11.1' ],
76 silly audit   '@unrs/resolver-binding-darwin-arm64': [ '1.11.1' ],
76 silly audit   '@unrs/resolver-binding-darwin-x64': [ '1.11.1' ],
76 silly audit   '@unrs/resolver-binding-freebsd-x64': [ '1.11.1' ],
76 silly audit   '@unrs/resolver-binding-linux-arm-gnueabihf': [ '1.11.1' ],
76 silly audit   '@unrs/resolver-binding-linux-arm-musleabihf': [ '1.11.1' ],
76 silly audit   '@unrs/resolver-binding-linux-arm64-gnu': [ '1.11.1' ],
76 silly audit   '@unrs/resolver-binding-linux-arm64-musl': [ '1.11.1' ],
76 silly audit   '@unrs/resolver-binding-linux-ppc64-gnu': [ '1.11.1' ],
76 silly audit   '@unrs/resolver-binding-linux-riscv64-gnu': [ '1.11.1' ],
76 silly audit   '@unrs/resolver-binding-linux-riscv64-musl': [ '1.11.1' ],
76 silly audit   '@unrs/resolver-binding-linux-s390x-gnu': [ '1.11.1' ],
76 silly audit   '@unrs/resolver-binding-linux-x64-gnu': [ '1.11.1' ],
76 silly audit   '@unrs/resolver-binding-linux-x64-musl': [ '1.11.1' ],
76 silly audit   '@unrs/resolver-binding-wasm32-wasi': [ '1.11.1' ],
76 silly audit   '@unrs/resolver-binding-win32-arm64-msvc': [ '1.11.1' ],
76 silly audit   '@unrs/resolver-binding-win32-ia32-msvc': [ '1.11.1' ],
76 silly audit   '@unrs/resolver-binding-win32-x64-msvc': [ '1.11.1' ],
76 silly audit   acorn: [ '8.16.0' ],
76 silly audit   'acorn-jsx': [ '5.3.2' ],
76 silly audit   ajv: [ '6.14.0' ],
76 silly audit   'ansi-styles': [ '4.3.0' ],
76 silly audit   argparse: [ '2.0.1' ],
76 silly audit   'aria-query': [ '5.3.2' ],
76 silly audit   'array-buffer-byte-length': [ '1.0.2' ],
76 silly audit   'array-includes': [ '3.1.9' ],
76 silly audit   'array.prototype.findlast': [ '1.2.5' ],
76 silly audit   'array.prototype.findlastindex': [ '1.2.6' ],
76 silly audit   'array.prototype.flat': [ '1.3.3' ],
76 silly audit   'array.prototype.flatmap': [ '1.3.3' ],
76 silly audit   'array.prototype.tosorted': [ '1.1.4' ],
76 silly audit   'arraybuffer.prototype.slice': [ '1.0.4' ],
76 silly audit   'ast-types-flow': [ '0.0.8' ],
76 silly audit   'async-function': [ '1.0.0' ],
76 silly audit   'available-typed-arrays': [ '1.0.7' ],
76 silly audit   'axe-core': [ '4.11.1' ],
76 silly audit   'axobject-query': [ '4.1.0' ],
76 silly audit   'balanced-match': [ '1.0.2' ],
76 silly audit   'baseline-browser-mapping': [ '2.10.0' ],
76 silly audit   braces: [ '3.0.3' ],
76 silly audit   browserslist: [ '4.28.1' ],
76 silly audit   'call-bind': [ '1.0.8' ],
76 silly audit   'call-bind-apply-helpers': [ '1.0.2' ],
76 silly audit   'call-bound': [ '1.0.4' ],
76 silly audit   callsites: [ '3.1.0' ],
76 silly audit   'caniuse-lite': [ '1.0.30001770' ],
76 silly audit   chalk: [ '4.1.2' ],
76 silly audit   'client-only': [ '0.0.1' ],
76 silly audit   clsx: [ '2.1.1', '1.2.1' ],
76 silly audit   'color-convert': [ '2.0.1' ],
76 silly audit   'color-name': [ '1.1.4' ],
76 silly audit   'concat-map': [ '0.0.1' ],
76 silly audit   'convert-source-map': [ '2.0.0' ],
76 silly audit   'cross-spawn': [ '7.0.6' ],
76 silly audit   csstype: [ '3.2.3' ],
76 silly audit   'damerau-levenshtein': [ '1.0.8' ],
76 silly audit   'data-view-buffer': [ '1.0.2' ],
76 silly audit   'data-view-byte-length': [ '1.0.2' ],
76 silly audit   'data-view-byte-offset': [ '1.0.1' ],
76 silly audit   'date-arithmetic': [ '4.1.0' ],
76 silly audit   'date-fns': [ '4.1.0' ],
76 silly audit   dayjs: [ '1.11.19' ],
76 silly audit   debug: [ '4.4.3', '3.2.7' ],
76 silly audit   'deep-is': [ '0.1.4' ],
76 silly audit   'define-data-property': [ '1.1.4' ],
76 silly audit   'define-properties': [ '1.2.1' ],
76 silly audit   dequal: [ '2.0.3' ],
76 silly audit   'detect-libc': [ '2.1.2' ],
76 silly audit   doctrine: [ '2.1.0' ],
76 silly audit   'dom-helpers': [ '5.2.1' ],
76 silly audit   'dunder-proto': [ '1.0.1' ],
76 silly audit   'electron-to-chromium': [ '1.5.302' ],
76 silly audit   'emoji-regex': [ '9.2.2' ],
76 silly audit   'enhanced-resolve': [ '5.19.0' ],
76 silly audit   'es-abstract': [ '1.24.1' ],
76 silly audit   'es-define-property': [ '1.0.1' ],
76 silly audit   'es-errors': [ '1.3.0' ],
76 silly audit   'es-iterator-helpers': [ '1.2.2' ],
76 silly audit   'es-object-atoms': [ '1.1.1' ],
76 silly audit   'es-set-tostringtag': [ '2.1.0' ],
76 silly audit   'es-shim-unscopables': [ '1.1.0' ],
76 silly audit   'es-to-primitive': [ '1.3.0' ],
76 silly audit   escalade: [ '3.2.0' ],
76 silly audit   'escape-string-regexp': [ '4.0.0' ],
76 silly audit   eslint: [ '9.39.3' ],
76 silly audit   'eslint-config-next': [ '16.1.6' ],
76 silly audit   globals: [ '16.4.0', '14.0.0' ],
76 silly audit   'eslint-import-resolver-node': [ '0.3.9' ],
76 silly audit   'eslint-import-resolver-typescript': [ '3.10.1' ],
76 silly audit   'eslint-module-utils': [ '2.12.1' ],
76 silly audit   'eslint-plugin-import': [ '2.32.0' ],
76 silly audit   'eslint-plugin-jsx-a11y': [ '6.10.2' ],
76 silly audit   'eslint-plugin-react': [ '7.37.5' ],
76 silly audit   'eslint-plugin-react-hooks': [ '7.0.1' ],
76 silly audit   resolve: [ '2.0.0-next.6', '1.22.11' ],
76 silly audit   'eslint-scope': [ '8.4.0' ],
76 silly audit   espree: [ '10.4.0' ],
76 silly audit   esquery: [ '1.7.0' ],
76 silly audit   esrecurse: [ '4.3.0' ],
76 silly audit   estraverse: [ '5.3.0' ],
76 silly audit   esutils: [ '2.0.3' ],
76 silly audit   'fast-deep-equal': [ '3.1.3' ],
76 silly audit   'fast-glob': [ '3.3.1' ],
76 silly audit   'glob-parent': [ '5.1.2', '6.0.2' ],
76 silly audit   'fast-json-stable-stringify': [ '2.1.0' ],
76 silly audit   'fast-levenshtein': [ '2.0.6' ],
76 silly audit   fastq: [ '1.20.1' ],
76 silly audit   'file-entry-cache': [ '8.0.0' ],
76 silly audit   'fill-range': [ '7.1.1' ],
76 silly audit   'find-up': [ '5.0.0' ],
76 silly audit   'flat-cache': [ '4.0.1' ],
76 silly audit   flatted: [ '3.3.3' ],
76 silly audit   'for-each': [ '0.3.5' ],
76 silly audit   'function-bind': [ '1.1.2' ],
76 silly audit   'function.prototype.name': [ '1.1.8' ],
76 silly audit   'functions-have-names': [ '1.2.3' ],
76 silly audit   'generator-function': [ '2.0.1' ],
76 silly audit   gensync: [ '1.0.0-beta.2' ],
76 silly audit   'get-intrinsic': [ '1.3.0' ],
76 silly audit   'get-proto': [ '1.0.1' ],
76 silly audit   'get-symbol-description': [ '1.1.0' ],
76 silly audit   'get-tsconfig': [ '4.13.6' ],
76 silly audit   globalize: [ '0.1.1' ],
76 silly audit   globalthis: [ '1.0.4' ],
76 silly audit   gopd: [ '1.2.0' ],
76 silly audit   'graceful-fs': [ '4.2.11' ],
76 silly audit   'has-bigints': [ '1.1.0' ],
76 silly audit   'has-flag': [ '4.0.0' ],
76 silly audit   'has-property-descriptors': [ '1.0.2' ],
76 silly audit   'has-proto': [ '1.2.0' ],
76 silly audit   'has-symbols': [ '1.1.0' ],
76 silly audit   'has-tostringtag': [ '1.0.2' ],
76 silly audit   hasown: [ '2.0.2' ],
76 silly audit   'hermes-estree': [ '0.25.1' ],
76 silly audit   'hermes-parser': [ '0.25.1' ],
76 silly audit   'import-fresh': [ '3.3.1' ],
76 silly audit   imurmurhash: [ '0.1.4' ],
76 silly audit   'internal-slot': [ '1.1.0' ],
76 silly audit   invariant: [ '2.2.4' ],
76 silly audit   'is-array-buffer': [ '3.0.5' ],
76 silly audit   'is-async-function': [ '2.1.1' ],
76 silly audit   'is-bigint': [ '1.1.0' ],
76 silly audit   'is-boolean-object': [ '1.2.2' ],
76 silly audit   'is-bun-module': [ '2.0.0' ],
76 silly audit   'is-callable': [ '1.2.7' ],
76 silly audit   'is-core-module': [ '2.16.1' ],
76 silly audit   'is-data-view': [ '1.0.2' ],
76 silly audit   'is-date-object': [ '1.1.0' ],
76 silly audit   'is-extglob': [ '2.1.1' ],
76 silly audit   'is-finalizationregistry': [ '1.1.1' ],
76 silly audit   'is-generator-function': [ '1.1.2' ],
76 silly audit   'is-glob': [ '4.0.3' ],
76 silly audit   'is-map': [ '2.0.3' ],
76 silly audit   'is-negative-zero': [ '2.0.3' ],
76 silly audit   'is-number': [ '7.0.0' ],
76 silly audit   'is-number-object': [ '1.1.1' ],
76 silly audit   'is-regex': [ '1.2.1' ],
76 silly audit   'is-set': [ '2.0.3' ],
76 silly audit   'is-shared-array-buffer': [ '1.0.4' ],
76 silly audit   'is-string': [ '1.1.1' ],
76 silly audit   'is-symbol': [ '1.1.1' ],
76 silly audit   'is-typed-array': [ '1.1.15' ],
76 silly audit   'is-weakmap': [ '2.0.2' ],
76 silly audit   'is-weakref': [ '1.1.1' ],
76 silly audit   'is-weakset': [ '2.0.4' ],
76 silly audit   isarray: [ '2.0.5' ],
76 silly audit   isexe: [ '2.0.0' ],
76 silly audit   'iterator.prototype': [ '1.1.5' ],
76 silly audit   jiti: [ '2.6.1' ],
76 silly audit   'js-tokens': [ '4.0.0' ],
76 silly audit   'js-yaml': [ '4.1.1' ],
76 silly audit   jsesc: [ '3.1.0' ],
76 silly audit   'json-buffer': [ '3.0.1' ],
76 silly audit   'json-schema-traverse': [ '0.4.1' ],
76 silly audit   'json-stable-stringify-without-jsonify': [ '1.0.1' ],
76 silly audit   json5: [ '2.2.3', '1.0.2' ],
76 silly audit   'jsx-ast-utils': [ '3.3.5' ],
76 silly audit   keyv: [ '4.5.4' ],
76 silly audit   'language-subtag-registry': [ '0.3.23' ],
76 silly audit   'language-tags': [ '1.0.9' ],
76 silly audit   levn: [ '0.4.1' ],
76 silly audit   lightningcss: [ '1.31.1' ],
76 silly audit   'lightningcss-android-arm64': [ '1.31.1' ],
76 silly audit   'lightningcss-darwin-arm64': [ '1.31.1' ],
76 silly audit   'lightningcss-darwin-x64': [ '1.31.1' ],
76 silly audit   'lightningcss-freebsd-x64': [ '1.31.1' ],
76 silly audit   'lightningcss-linux-arm-gnueabihf': [ '1.31.1' ],
76 silly audit   'lightningcss-linux-arm64-gnu': [ '1.31.1' ],
76 silly audit   'lightningcss-linux-arm64-musl': [ '1.31.1' ],
76 silly audit   'lightningcss-linux-x64-gnu': [ '1.31.1' ],
76 silly audit   'lightningcss-linux-x64-musl': [ '1.31.1' ],
76 silly audit   'lightningcss-win32-arm64-msvc': [ '1.31.1' ],
76 silly audit   'lightningcss-win32-x64-msvc': [ '1.31.1' ],
76 silly audit   'locate-path': [ '6.0.0' ],
76 silly audit   lodash: [ '4.17.23' ],
76 silly audit   'lodash-es': [ '4.17.23' ],
76 silly audit   'lodash.merge': [ '4.6.2' ],
76 silly audit   'loose-envify': [ '1.4.0' ],
76 silly audit   'lru-cache': [ '5.1.1' ],
76 silly audit   'lucide-react': [ '0.575.0' ],
76 silly audit   luxon: [ '3.7.2' ],
76 silly audit   'magic-string': [ '0.30.21' ],
76 silly audit   'math-intrinsics': [ '1.1.0' ],
76 silly audit   'memoize-one': [ '6.0.0' ],
76 silly audit   merge2: [ '1.4.1' ],
76 silly audit   micromatch: [ '4.0.8' ],
76 silly audit   minimist: [ '1.2.8' ],
76 silly audit   moment: [ '2.30.1' ],
76 silly audit   'moment-timezone': [ '0.5.48' ],
76 silly audit   ms: [ '2.1.3' ],
76 silly audit   nanoid: [ '3.3.11' ],
76 silly audit   'napi-postinstall': [ '0.3.4' ],
76 silly audit   'natural-compare': [ '1.4.0' ],
76 silly audit   next: [ '16.1.6' ],
76 silly audit   postcss: [ '8.4.31', '8.5.6' ],
76 silly audit   'node-exports-info': [ '1.6.0' ],
76 silly audit   'node-releases': [ '2.0.27' ],
76 silly audit   'object-assign': [ '4.1.1' ],
76 silly audit   'object-inspect': [ '1.13.4' ],
76 silly audit   'object-keys': [ '1.1.1' ],
76 silly audit   'object.assign': [ '4.1.7' ],
76 silly audit   'object.entries': [ '1.1.9' ],
76 silly audit   'object.fromentries': [ '2.0.8' ],
76 silly audit   'object.groupby': [ '1.0.3' ],
76 silly audit   'object.values': [ '1.2.1' ],
76 silly audit   optionator: [ '0.9.4' ],
76 silly audit   'own-keys': [ '1.0.1' ],
76 silly audit   'p-limit': [ '3.1.0' ],
76 silly audit   'p-locate': [ '5.0.0' ],
76 silly audit   'parent-module': [ '1.0.1' ],
76 silly audit   'path-exists': [ '4.0.0' ],
76 silly audit   'path-key': [ '3.1.1' ],
76 silly audit   'path-parse': [ '1.0.7' ],
76 silly audit   picocolors: [ '1.1.1' ],
76 silly audit   picomatch: [ '2.3.1', '4.0.3' ],
76 silly audit   'possible-typed-array-names': [ '1.1.0' ],
76 silly audit   'prelude-ls': [ '1.2.1' ],
76 silly audit   'prop-types': [ '15.8.1' ],
76 silly audit   punycode: [ '2.3.1' ],
76 silly audit   'queue-microtask': [ '1.2.3' ],
76 silly audit   react: [ '19.2.3' ],
76 silly audit   'react-big-calendar': [ '1.19.4' ],
76 silly audit   'react-dom': [ '19.2.3' ],
76 silly audit   'react-is': [ '16.13.1' ],
76 silly audit   'react-lifecycles-compat': [ '3.0.4' ],
76 silly audit   'react-overlays': [ '5.2.1' ],
76 silly audit   'reflect.getprototypeof': [ '1.0.10' ],
76 silly audit   'regexp.prototype.flags': [ '1.5.4' ],
76 silly audit   'resolve-from': [ '4.0.0' ],
76 silly audit   'resolve-pkg-maps': [ '1.0.0' ],
76 silly audit   reusify: [ '1.1.0' ],
76 silly audit   'run-parallel': [ '1.2.0' ],
76 silly audit   'safe-array-concat': [ '1.1.3' ],
76 silly audit   'safe-push-apply': [ '1.0.0' ],
76 silly audit   'safe-regex-test': [ '1.1.0' ],
76 silly audit   scheduler: [ '0.27.0' ],
76 silly audit   'set-function-length': [ '1.2.2' ],
76 silly audit   'set-function-name': [ '2.0.2' ],
76 silly audit   'set-proto': [ '1.0.0' ],
76 silly audit   sharp: [ '0.34.5' ],
76 silly audit   'shebang-command': [ '2.0.0' ],
76 silly audit   'shebang-regex': [ '3.0.0' ],
76 silly audit   'side-channel': [ '1.1.0' ],
76 silly audit   'side-channel-list': [ '1.0.0' ],
76 silly audit   'side-channel-map': [ '1.0.1' ],
76 silly audit   'side-channel-weakmap': [ '1.0.2' ],
76 silly audit   'source-map-js': [ '1.2.1' ],
76 silly audit   'stable-hash': [ '0.0.5' ],
76 silly audit   'stop-iteration-iterator': [ '1.1.0' ],
76 silly audit   'string.prototype.includes': [ '2.0.1' ],
76 silly audit   'string.prototype.matchall': [ '4.0.12' ],
76 silly audit   'string.prototype.repeat': [ '1.0.0' ],
76 silly audit   'string.prototype.trim': [ '1.2.10' ],
76 silly audit   'string.prototype.trimend': [ '1.0.9' ],
76 silly audit   'string.prototype.trimstart': [ '1.0.8' ],
76 silly audit   'strip-bom': [ '3.0.0' ],
76 silly audit   'strip-json-comments': [ '3.1.1' ],
76 silly audit   'styled-jsx': [ '5.1.6' ],
76 silly audit   'supports-color': [ '7.2.0' ],
76 silly audit   'supports-preserve-symlinks-flag': [ '1.0.0' ],
76 silly audit   'tailwind-merge': [ '3.5.0' ],
76 silly audit   tailwindcss: [ '4.2.0' ],
76 silly audit   tapable: [ '2.3.0' ],
76 silly audit   tinyglobby: [ '0.2.15' ],
76 silly audit   fdir: [ '6.5.0' ],
76 silly audit   'to-regex-range': [ '5.0.1' ],
76 silly audit   'ts-api-utils': [ '2.4.0' ],
76 silly audit   'tsconfig-paths': [ '3.15.0' ],
76 silly audit   tslib: [ '2.8.1' ],
76 silly audit   'type-check': [ '0.4.0' ],
76 silly audit   'typed-array-buffer': [ '1.0.3' ],
76 silly audit   'typed-array-byte-length': [ '1.0.3' ],
76 silly audit   'typed-array-byte-offset': [ '1.0.4' ],
76 silly audit   'typed-array-length': [ '1.0.7' ],
76 silly audit   typescript: [ '5.9.3' ],
76 silly audit   'typescript-eslint': [ '8.56.0' ],
76 silly audit   'unbox-primitive': [ '1.1.0' ],
76 silly audit   uncontrollable: [ '7.2.1' ],
76 silly audit   'undici-types': [ '6.21.0' ],
76 silly audit   'unrs-resolver': [ '1.11.1' ],
76 silly audit   'update-browserslist-db': [ '1.2.3' ],
76 silly audit   'uri-js': [ '4.4.1' ],
76 silly audit   warning: [ '4.0.3' ],
76 silly audit   which: [ '2.0.2' ],
76 silly audit   'which-boxed-primitive': [ '1.1.1' ],
76 silly audit   'which-builtin-type': [ '1.2.1' ],
76 silly audit   'which-collection': [ '1.0.2' ],
76 silly audit   'which-typed-array': [ '1.1.20' ],
76 silly audit   'word-wrap': [ '1.2.5' ],
76 silly audit   yallist: [ '3.1.1' ],
76 silly audit   'yocto-queue': [ '0.1.0' ],
76 silly audit   zod: [ '4.3.6' ],
76 silly audit   'zod-validation-error': [ '4.0.2' ],
76 silly audit   'react-dnd': [ '16.0.1' ],
76 silly audit   'react-dnd-html5-backend': [ '16.0.1' ],
76 silly audit   '@react-dnd/invariant': [ '4.0.2' ],
76 silly audit   '@react-dnd/shallowequal': [ '4.0.2' ],
76 silly audit   'dnd-core': [ '16.0.1' ],
76 silly audit   'hoist-non-react-statics': [ '3.3.2' ],
76 silly audit   '@react-dnd/asap': [ '5.0.2' ],
76 silly audit   redux: [ '4.2.1' ]
76 silly audit }
77 http cache @react-dnd/asap@https://registry.npmjs.org/@react-dnd/asap/-/asap-5.0.2.tgz 0ms (cache hit)
78 http cache redux@https://registry.npmjs.org/redux/-/redux-4.2.1.tgz 1ms (cache hit)
79 http cache dnd-core@https://registry.npmjs.org/dnd-core/-/dnd-core-16.0.1.tgz 0ms (cache hit)
80 http cache @react-dnd/shallowequal@https://registry.npmjs.org/@react-dnd/shallowequal/-/shallowequal-4.0.2.tgz 0ms (cache hit)
81 http cache hoist-non-react-statics@https://registry.npmjs.org/hoist-non-react-statics/-/hoist-non-react-statics-3.3.2.tgz 0ms (cache hit)
82 http cache @react-dnd/invariant@https://registry.npmjs.org/@react-dnd/invariant/-/invariant-4.0.2.tgz 0ms (cache hit)
83 http cache react-dnd@https://registry.npmjs.org/react-dnd/-/react-dnd-16.0.1.tgz 0ms (cache hit)
84 http cache react-dnd-html5-backend@https://registry.npmjs.org/react-dnd-html5-backend/-/react-dnd-html5-backend-16.0.1.tgz 0ms (cache hit)
85 silly tarball no local data for @react-dnd/asap@https://registry.npmjs.org/@react-dnd/asap/-/asap-5.0.2.tgz. Extracting by manifest.
86 silly tarball no local data for redux@https://registry.npmjs.org/redux/-/redux-4.2.1.tgz. Extracting by manifest.
87 silly tarball no local data for dnd-core@https://registry.npmjs.org/dnd-core/-/dnd-core-16.0.1.tgz. Extracting by manifest.
88 silly tarball no local data for hoist-non-react-statics@https://registry.npmjs.org/hoist-non-react-statics/-/hoist-non-react-statics-3.3.2.tgz. Extracting by manifest.
89 silly tarball no local data for @react-dnd/shallowequal@https://registry.npmjs.org/@react-dnd/shallowequal/-/shallowequal-4.0.2.tgz. Extracting by manifest.
90 silly tarball no local data for react-dnd@https://registry.npmjs.org/react-dnd/-/react-dnd-16.0.1.tgz. Extracting by manifest.
91 silly tarball no local data for @react-dnd/invariant@https://registry.npmjs.org/@react-dnd/invariant/-/invariant-4.0.2.tgz. Extracting by manifest.
92 silly tarball no local data for react-dnd-html5-backend@https://registry.npmjs.org/react-dnd-html5-backend/-/react-dnd-html5-backend-16.0.1.tgz. Extracting by manifest.
93 http fetch GET 200 https://registry.npmjs.org/redux/-/redux-4.2.1.tgz 57ms (cache miss)
94 http fetch GET 200 https://registry.npmjs.org/hoist-non-react-statics/-/hoist-non-react-statics-3.3.2.tgz 62ms (cache miss)
95 http fetch GET 200 https://registry.npmjs.org/dnd-core/-/dnd-core-16.0.1.tgz 80ms (cache miss)
96 http fetch POST 200 https://registry.npmjs.org/-/npm/v1/security/advisories/bulk 224ms
97 silly audit report {
97 silly audit report   minimatch: [
97 silly audit report     {
97 silly audit report       id: 1113371,
97 silly audit report       url: 'https://github.com/advisories/GHSA-3ppc-4f35-3m26',
97 silly audit report       title: 'minimatch has a ReDoS via repeated wildcards with non-matching literal in pattern',
97 silly audit report       severity: 'high',
97 silly audit report       vulnerable_versions: '<10.2.1',
97 silly audit report       cwe: [Array],
97 silly audit report       cvss: [Object]
97 silly audit report     }
97 silly audit report   ]
97 silly audit report }
98 silly packumentCache corgi:https://registry.npmjs.org/minimatch cache-miss
99 http fetch GET 200 https://registry.npmjs.org/react-dnd-html5-backend/-/react-dnd-html5-backend-16.0.1.tgz 257ms (cache miss)
100 http fetch GET 200 https://registry.npmjs.org/@react-dnd/asap/-/asap-5.0.2.tgz 263ms (cache miss)
101 http fetch GET 200 https://registry.npmjs.org/react-dnd/-/react-dnd-16.0.1.tgz 294ms (cache miss)
102 http fetch GET 200 https://registry.npmjs.org/@react-dnd/invariant/-/invariant-4.0.2.tgz 315ms (cache miss)
103 http fetch GET 200 https://registry.npmjs.org/minimatch 236ms (cache revalidated)
104 silly packumentCache corgi:https://registry.npmjs.org/minimatch set size:149210 disposed:false
105 silly packumentCache corgi:https://registry.npmjs.org/@typescript-eslint%2ftypescript-estree cache-miss
106 silly packumentCache corgi:https://registry.npmjs.org/@eslint%2fconfig-array cache-miss
107 silly packumentCache corgi:https://registry.npmjs.org/@eslint%2feslintrc cache-miss
108 silly packumentCache corgi:https://registry.npmjs.org/eslint cache-miss
109 silly packumentCache corgi:https://registry.npmjs.org/eslint-plugin-import cache-miss
110 silly packumentCache corgi:https://registry.npmjs.org/eslint-plugin-jsx-a11y cache-miss
111 silly packumentCache corgi:https://registry.npmjs.org/eslint-plugin-react cache-miss
112 http fetch GET 200 https://registry.npmjs.org/eslint 47ms (cache revalidated)
113 silly packumentCache corgi:https://registry.npmjs.org/eslint set size:1132877 disposed:false
114 http fetch GET 200 https://registry.npmjs.org/eslint-plugin-jsx-a11y 55ms (cache revalidated)
115 silly packumentCache corgi:https://registry.npmjs.org/eslint-plugin-jsx-a11y set size:108835 disposed:false
116 http fetch GET 200 https://registry.npmjs.org/@typescript-eslint%2ftypescript-estree 65ms (cache revalidated)
117 silly packumentCache corgi:https://registry.npmjs.org/@typescript-eslint%2ftypescript-estree set size:8492625 disposed:false
118 http fetch GET 200 https://registry.npmjs.org/eslint-plugin-react 134ms (cache revalidated)
119 silly packumentCache corgi:https://registry.npmjs.org/eslint-plugin-react set size:309843 disposed:false
120 http fetch GET 200 https://registry.npmjs.org/@eslint%2fconfig-array 137ms (cache revalidated)
121 silly packumentCache corgi:https://registry.npmjs.org/@eslint%2fconfig-array set size:15303 disposed:false
122 http fetch GET 200 https://registry.npmjs.org/eslint-plugin-import 138ms (cache revalidated)
123 silly packumentCache corgi:https://registry.npmjs.org/eslint-plugin-import set size:238396 disposed:false
124 http fetch GET 200 https://registry.npmjs.org/@eslint%2feslintrc 282ms (cache revalidated)
125 silly packumentCache corgi:https://registry.npmjs.org/@eslint%2feslintrc set size:80753 disposed:false
126 silly packumentCache corgi:https://registry.npmjs.org/@eslint-community%2feslint-utils cache-miss
127 silly packumentCache corgi:https://registry.npmjs.org/@typescript-eslint%2feslint-plugin cache-miss
128 silly packumentCache corgi:https://registry.npmjs.org/@typescript-eslint%2fparser cache-miss
129 silly packumentCache corgi:https://registry.npmjs.org/@typescript-eslint%2ftype-utils cache-miss
130 silly packumentCache corgi:https://registry.npmjs.org/@typescript-eslint%2futils cache-miss
131 silly packumentCache corgi:https://registry.npmjs.org/eslint-config-next cache-miss
132 silly packumentCache corgi:https://registry.npmjs.org/eslint-import-resolver-typescript cache-miss
133 silly packumentCache corgi:https://registry.npmjs.org/eslint-plugin-react-hooks cache-miss
134 silly packumentCache corgi:https://registry.npmjs.org/typescript-eslint cache-miss
135 http fetch GET 200 https://registry.npmjs.org/@react-dnd/shallowequal/-/shallowequal-4.0.2.tgz 774ms (cache miss)
136 http fetch GET 200 https://registry.npmjs.org/typescript-eslint 130ms (cache revalidated)
137 silly packumentCache corgi:https://registry.npmjs.org/typescript-eslint set size:1532361 disposed:false
138 http fetch GET 200 https://registry.npmjs.org/eslint-plugin-react-hooks 148ms (cache revalidated)
139 silly packumentCache corgi:https://registry.npmjs.org/eslint-plugin-react-hooks set size:4049385 disposed:false
140 http fetch GET 200 https://registry.npmjs.org/@typescript-eslint%2futils 177ms (cache revalidated)
141 silly packumentCache corgi:https://registry.npmjs.org/@typescript-eslint%2futils set size:4516674 disposed:false
142 http fetch GET 200 https://registry.npmjs.org/eslint-config-next 215ms (cache revalidated)
143 silly packumentCache corgi:https://registry.npmjs.org/eslint-config-next set size:3711640 disposed:false
144 http fetch GET 200 https://registry.npmjs.org/@eslint-community%2feslint-utils 251ms (cache revalidated)
145 silly packumentCache corgi:https://registry.npmjs.org/@eslint-community%2feslint-utils set size:44347 disposed:false
146 http fetch GET 200 https://registry.npmjs.org/@typescript-eslint%2ftype-utils 257ms (cache revalidated)
147 silly packumentCache corgi:https://registry.npmjs.org/@typescript-eslint%2ftype-utils set size:4505748 disposed:false
148 http fetch GET 200 https://registry.npmjs.org/@typescript-eslint%2feslint-plugin 299ms (cache revalidated)
149 silly packumentCache corgi:https://registry.npmjs.org/@typescript-eslint%2feslint-plugin set size:9347879 disposed:false
150 http fetch GET 200 https://registry.npmjs.org/@typescript-eslint%2fparser 423ms (cache revalidated)
151 silly packumentCache corgi:https://registry.npmjs.org/@typescript-eslint%2fparser set size:7891430 disposed:false
152 http fetch GET 200 https://registry.npmjs.org/eslint-import-resolver-typescript 623ms (cache revalidated)
153 silly packumentCache corgi:https://registry.npmjs.org/eslint-import-resolver-typescript set size:138502 disposed:false
154 silly ADD node_modules/redux
155 silly ADD node_modules/@react-dnd/asap
156 silly ADD node_modules/hoist-non-react-statics
157 silly ADD node_modules/dnd-core
158 silly ADD node_modules/@react-dnd/shallowequal
159 silly ADD node_modules/@react-dnd/invariant
160 silly ADD node_modules/react-dnd-html5-backend
161 silly ADD node_modules/react-dnd
162 verbose cwd /Users/felipevalor/Downloads/Barberias/Barberias/frontend
163 verbose os Darwin 25.2.0
164 verbose node v24.12.0
165 verbose npm  v11.6.2
166 verbose exit 0
167 info ok
