0 verbose cli /usr/local/bin/node /usr/local/lib/node_modules/npm/bin/npm-cli.js
1 info using npm@11.6.2
2 info using node@v24.12.0
3 silly config load:file:/usr/local/lib/node_modules/npm/npmrc
4 silly config load:file:/Users/felipevalor/Downloads/Barberias/Barberias/.npmrc
5 silly config load:file:/Users/felipevalor/.npmrc
6 silly config load:file:/usr/local/etc/npmrc
7 verbose title npm exec tsx backend/test-turnos.ts
8 verbose argv "exec" "--" "tsx" "backend/test-turnos.ts"
9 verbose logfile logs-max:10 dir:/Users/felipevalor/Downloads/Barberias/Barberias/.npm-cache/_logs/2026-02-24T19_17_47_946Z-
10 verbose logfile /Users/felipevalor/Downloads/Barberias/Barberias/.npm-cache/_logs/2026-02-24T19_17_47_946Z-debug-0.log
11 silly logfile start cleaning logs, removing 1 files
12 silly packumentCache heap:2348810240 maxSize:587202560 maxEntrySize:293601280
13 silly logfile done cleaning log files
14 http fetch GET 200 https://registry.npmjs.org/tsx 569ms (cache miss)
15 silly packumentCache heap:2348810240 maxSize:587202560 maxEntrySize:293601280
16 silly packumentCache heap:2348810240 maxSize:587202560 maxEntrySize:293601280
17 silly idealTree buildDeps
18 silly fetch manifest tsx@4.21.0
19 silly packumentCache full:https://registry.npmjs.org/tsx cache-miss
20 http fetch GET 200 https://registry.npmjs.org/tsx 78ms (cache revalidated)
21 silly packumentCache full:https://registry.npmjs.org/tsx set size:289592 disposed:false
22 silly placeDep ROOT tsx@4.21.0 OK for:  want: 4.21.0
23 silly fetch manifest esbuild@~0.27.0
24 silly packumentCache full:https://registry.npmjs.org/esbuild cache-miss
25 silly fetch manifest get-tsconfig@^4.7.5
26 silly packumentCache full:https://registry.npmjs.org/get-tsconfig cache-miss
27 silly fetch manifest fsevents@~2.3.3
28 silly packumentCache full:https://registry.npmjs.org/fsevents cache-miss
29 http fetch GET 200 https://registry.npmjs.org/get-tsconfig 163ms (cache revalidated)
30 silly packumentCache full:https://registry.npmjs.org/get-tsconfig set size:112628 disposed:false
31 http fetch GET 200 https://registry.npmjs.org/fsevents 307ms (cache revalidated)
32 silly packumentCache full:https://registry.npmjs.org/fsevents set size:182472 disposed:false
33 http fetch GET 200 https://registry.npmjs.org/esbuild 324ms (cache revalidated)
34 silly packumentCache full:https://registry.npmjs.org/esbuild set size:1242223 disposed:false
35 silly placeDep ROOT esbuild@0.27.3 OK for: tsx@4.21.0 want: ~0.27.0
36 silly placeDep ROOT fsevents@2.3.3 OK for: tsx@4.21.0 want: ~2.3.3
37 silly placeDep ROOT get-tsconfig@4.13.6 OK for: tsx@4.21.0 want: ^4.7.5
38 silly fetch manifest @esbuild/aix-ppc64@0.27.3
39 silly packumentCache full:https://registry.npmjs.org/@esbuild%2faix-ppc64 cache-miss
40 silly fetch manifest @esbuild/android-arm@0.27.3
41 silly packumentCache full:https://registry.npmjs.org/@esbuild%2fandroid-arm cache-miss
42 silly fetch manifest @esbuild/android-arm64@0.27.3
43 silly packumentCache full:https://registry.npmjs.org/@esbuild%2fandroid-arm64 cache-miss
44 silly fetch manifest @esbuild/android-x64@0.27.3
45 silly packumentCache full:https://registry.npmjs.org/@esbuild%2fandroid-x64 cache-miss
46 silly fetch manifest @esbuild/darwin-arm64@0.27.3
47 silly packumentCache full:https://registry.npmjs.org/@esbuild%2fdarwin-arm64 cache-miss
48 silly fetch manifest @esbuild/darwin-x64@0.27.3
49 silly packumentCache full:https://registry.npmjs.org/@esbuild%2fdarwin-x64 cache-miss
50 silly fetch manifest @esbuild/freebsd-arm64@0.27.3
51 silly packumentCache full:https://registry.npmjs.org/@esbuild%2ffreebsd-arm64 cache-miss
52 http fetch GET 200 https://registry.npmjs.org/@esbuild%2faix-ppc64 210ms (cache revalidated)
53 silly packumentCache full:https://registry.npmjs.org/@esbuild%2faix-ppc64 set size:56029 disposed:false
54 silly fetch manifest @esbuild/freebsd-x64@0.27.3
55 silly packumentCache full:https://registry.npmjs.org/@esbuild%2ffreebsd-x64 cache-miss
56 http fetch GET 200 https://registry.npmjs.org/@esbuild%2fandroid-arm 212ms (cache revalidated)
57 silly packumentCache full:https://registry.npmjs.org/@esbuild%2fandroid-arm set size:213504 disposed:false
58 silly fetch manifest @esbuild/linux-arm@0.27.3
59 silly packumentCache full:https://registry.npmjs.org/@esbuild%2flinux-arm cache-miss
60 http fetch GET 200 https://registry.npmjs.org/@esbuild%2ffreebsd-arm64 216ms (cache revalidated)
61 silly packumentCache full:https://registry.npmjs.org/@esbuild%2ffreebsd-arm64 set size:190447 disposed:false
62 silly fetch manifest @esbuild/linux-arm64@0.27.3
63 silly packumentCache full:https://registry.npmjs.org/@esbuild%2flinux-arm64 cache-miss
64 http fetch GET 200 https://registry.npmjs.org/@esbuild%2flinux-arm 151ms (cache revalidated)
65 silly packumentCache full:https://registry.npmjs.org/@esbuild%2flinux-arm set size:186917 disposed:false
66 silly fetch manifest @esbuild/linux-ia32@0.27.3
67 silly packumentCache full:https://registry.npmjs.org/@esbuild%2flinux-ia32 cache-miss
68 http fetch GET 200 https://registry.npmjs.org/@esbuild%2flinux-arm64 160ms (cache revalidated)
69 silly packumentCache full:https://registry.npmjs.org/@esbuild%2flinux-arm64 set size:188948 disposed:false
70 silly fetch manifest @esbuild/linux-loong64@0.27.3
71 silly packumentCache full:https://registry.npmjs.org/@esbuild%2flinux-loong64 cache-miss
72 http fetch GET 200 https://registry.npmjs.org/@esbuild%2ffreebsd-x64 176ms (cache revalidated)
73 silly packumentCache full:https://registry.npmjs.org/@esbuild%2ffreebsd-x64 set size:188756 disposed:false
74 silly fetch manifest @esbuild/linux-mips64el@0.27.3
75 silly packumentCache full:https://registry.npmjs.org/@esbuild%2flinux-mips64el cache-miss
76 http fetch GET 200 https://registry.npmjs.org/@esbuild%2fandroid-x64 438ms (cache revalidated)
77 silly packumentCache full:https://registry.npmjs.org/@esbuild%2fandroid-x64 set size:187307 disposed:false
78 silly fetch manifest @esbuild/linux-ppc64@0.27.3
79 silly packumentCache full:https://registry.npmjs.org/@esbuild%2flinux-ppc64 cache-miss
80 http fetch GET 200 https://registry.npmjs.org/@esbuild%2fandroid-arm64 465ms (cache revalidated)
81 silly packumentCache full:https://registry.npmjs.org/@esbuild%2fandroid-arm64 set size:192279 disposed:false
82 silly fetch manifest @esbuild/linux-riscv64@0.27.3
83 silly packumentCache full:https://registry.npmjs.org/@esbuild%2flinux-riscv64 cache-miss
84 http fetch GET 200 https://registry.npmjs.org/@esbuild%2flinux-ia32 124ms (cache revalidated)
85 silly packumentCache full:https://registry.npmjs.org/@esbuild%2flinux-ia32 set size:187877 disposed:false
86 silly fetch manifest @esbuild/linux-s390x@0.27.3
87 silly packumentCache full:https://registry.npmjs.org/@esbuild%2flinux-s390x cache-miss
88 http fetch GET 200 https://registry.npmjs.org/@esbuild%2flinux-loong64 116ms (cache revalidated)
89 silly packumentCache full:https://registry.npmjs.org/@esbuild%2flinux-loong64 set size:243782 disposed:false
90 silly fetch manifest @esbuild/linux-x64@0.27.3
91 silly packumentCache full:https://registry.npmjs.org/@esbuild%2flinux-x64 cache-miss
92 http fetch GET 200 https://registry.npmjs.org/@esbuild%2flinux-mips64el 136ms (cache revalidated)
93 silly packumentCache full:https://registry.npmjs.org/@esbuild%2flinux-mips64el set size:192558 disposed:false
94 silly fetch manifest @esbuild/netbsd-arm64@0.27.3
95 silly packumentCache full:https://registry.npmjs.org/@esbuild%2fnetbsd-arm64 cache-miss
96 http fetch GET 200 https://registry.npmjs.org/@esbuild%2flinux-ppc64 113ms (cache revalidated)
97 silly packumentCache full:https://registry.npmjs.org/@esbuild%2flinux-ppc64 set size:190895 disposed:false
98 silly fetch manifest @esbuild/netbsd-x64@0.27.3
99 silly packumentCache full:https://registry.npmjs.org/@esbuild%2fnetbsd-x64 cache-miss
100 http fetch GET 200 https://registry.npmjs.org/@esbuild%2flinux-riscv64 93ms (cache revalidated)
101 silly packumentCache full:https://registry.npmjs.org/@esbuild%2flinux-riscv64 set size:190569 disposed:false
102 silly fetch manifest @esbuild/openbsd-arm64@0.27.3
103 silly packumentCache full:https://registry.npmjs.org/@esbuild%2fopenbsd-arm64 cache-miss
104 http fetch GET 200 https://registry.npmjs.org/@esbuild%2flinux-s390x 86ms (cache revalidated)
105 silly packumentCache full:https://registry.npmjs.org/@esbuild%2flinux-s390x set size:190391 disposed:false
106 silly fetch manifest @esbuild/openbsd-x64@0.27.3
107 silly packumentCache full:https://registry.npmjs.org/@esbuild%2fopenbsd-x64 cache-miss
108 http fetch GET 200 https://registry.npmjs.org/@esbuild%2flinux-x64 92ms (cache revalidated)
109 silly packumentCache full:https://registry.npmjs.org/@esbuild%2flinux-x64 set size:187244 disposed:false
110 silly fetch manifest @esbuild/openharmony-arm64@0.27.3
111 silly packumentCache full:https://registry.npmjs.org/@esbuild%2fopenharmony-arm64 cache-miss
112 http fetch GET 200 https://registry.npmjs.org/@esbuild%2fdarwin-arm64 607ms (cache revalidated)
113 silly packumentCache full:https://registry.npmjs.org/@esbuild%2fdarwin-arm64 set size:189596 disposed:false
114 silly fetch manifest @esbuild/sunos-x64@0.27.3
115 silly packumentCache full:https://registry.npmjs.org/@esbuild%2fsunos-x64 cache-miss
116 http fetch GET 200 https://registry.npmjs.org/@esbuild%2fdarwin-x64 614ms (cache revalidated)
117 silly packumentCache full:https://registry.npmjs.org/@esbuild%2fdarwin-x64 set size:187924 disposed:false
118 silly fetch manifest @esbuild/win32-arm64@0.27.3
119 silly packumentCache full:https://registry.npmjs.org/@esbuild%2fwin32-arm64 cache-miss
120 http fetch GET 200 https://registry.npmjs.org/@esbuild%2fnetbsd-arm64 97ms (cache revalidated)
121 silly packumentCache full:https://registry.npmjs.org/@esbuild%2fnetbsd-arm64 set size:32428 disposed:false
122 silly fetch manifest @esbuild/win32-ia32@0.27.3
123 silly packumentCache full:https://registry.npmjs.org/@esbuild%2fwin32-ia32 cache-miss
124 http fetch GET 200 https://registry.npmjs.org/@esbuild%2fopenbsd-arm64 77ms (cache revalidated)
125 silly packumentCache full:https://registry.npmjs.org/@esbuild%2fopenbsd-arm64 set size:37704 disposed:false
126 silly fetch manifest @esbuild/win32-x64@0.27.3
127 silly packumentCache full:https://registry.npmjs.org/@esbuild%2fwin32-x64 cache-miss
128 http fetch GET 200 https://registry.npmjs.org/@esbuild%2fopenharmony-arm64 61ms (cache revalidated)
129 silly packumentCache full:https://registry.npmjs.org/@esbuild%2fopenharmony-arm64 set size:21007 disposed:false
130 silly fetch manifest resolve-pkg-maps@^1.0.0
131 silly packumentCache full:https://registry.npmjs.org/resolve-pkg-maps cache-miss
132 http fetch GET 200 https://registry.npmjs.org/@esbuild%2fnetbsd-x64 129ms (cache revalidated)
133 silly packumentCache full:https://registry.npmjs.org/@esbuild%2fnetbsd-x64 set size:185730 disposed:false
134 http fetch GET 200 https://registry.npmjs.org/@esbuild%2fwin32-ia32 74ms (cache revalidated)
135 silly packumentCache full:https://registry.npmjs.org/@esbuild%2fwin32-ia32 set size:188094 disposed:false
136 http fetch GET 200 https://registry.npmjs.org/@esbuild%2fsunos-x64 95ms (cache revalidated)
137 silly packumentCache full:https://registry.npmjs.org/@esbuild%2fsunos-x64 set size:187474 disposed:false
138 http fetch GET 200 https://registry.npmjs.org/@esbuild%2fwin32-arm64 101ms (cache revalidated)
139 silly packumentCache full:https://registry.npmjs.org/@esbuild%2fwin32-arm64 set size:189169 disposed:false
140 http fetch GET 200 https://registry.npmjs.org/@esbuild%2fwin32-x64 86ms (cache revalidated)
141 silly packumentCache full:https://registry.npmjs.org/@esbuild%2fwin32-x64 set size:187476 disposed:false
142 http fetch GET 200 https://registry.npmjs.org/resolve-pkg-maps 191ms (cache revalidated)
143 silly packumentCache full:https://registry.npmjs.org/resolve-pkg-maps set size:11615 disposed:false
144 http fetch GET 200 https://registry.npmjs.org/@esbuild%2fopenbsd-x64 268ms (cache revalidated)
145 silly packumentCache full:https://registry.npmjs.org/@esbuild%2fopenbsd-x64 set size:188762 disposed:false
146 silly placeDep ROOT @esbuild/aix-ppc64@0.27.3 OK for: esbuild@0.27.3 want: 0.27.3
147 silly placeDep ROOT @esbuild/android-arm@0.27.3 OK for: esbuild@0.27.3 want: 0.27.3
148 silly placeDep ROOT @esbuild/android-arm64@0.27.3 OK for: esbuild@0.27.3 want: 0.27.3
149 silly placeDep ROOT @esbuild/android-x64@0.27.3 OK for: esbuild@0.27.3 want: 0.27.3
150 silly placeDep ROOT @esbuild/darwin-arm64@0.27.3 OK for: esbuild@0.27.3 want: 0.27.3
151 silly placeDep ROOT @esbuild/darwin-x64@0.27.3 OK for: esbuild@0.27.3 want: 0.27.3
152 silly placeDep ROOT @esbuild/freebsd-arm64@0.27.3 OK for: esbuild@0.27.3 want: 0.27.3
153 silly placeDep ROOT @esbuild/freebsd-x64@0.27.3 OK for: esbuild@0.27.3 want: 0.27.3
154 silly placeDep ROOT @esbuild/linux-arm@0.27.3 OK for: esbuild@0.27.3 want: 0.27.3
155 silly placeDep ROOT @esbuild/linux-arm64@0.27.3 OK for: esbuild@0.27.3 want: 0.27.3
156 silly placeDep ROOT @esbuild/linux-ia32@0.27.3 OK for: esbuild@0.27.3 want: 0.27.3
157 silly placeDep ROOT @esbuild/linux-loong64@0.27.3 OK for: esbuild@0.27.3 want: 0.27.3
158 silly placeDep ROOT @esbuild/linux-mips64el@0.27.3 OK for: esbuild@0.27.3 want: 0.27.3
159 silly placeDep ROOT @esbuild/linux-ppc64@0.27.3 OK for: esbuild@0.27.3 want: 0.27.3
160 silly placeDep ROOT @esbuild/linux-riscv64@0.27.3 OK for: esbuild@0.27.3 want: 0.27.3
161 silly placeDep ROOT @esbuild/linux-s390x@0.27.3 OK for: esbuild@0.27.3 want: 0.27.3
162 silly placeDep ROOT @esbuild/linux-x64@0.27.3 OK for: esbuild@0.27.3 want: 0.27.3
163 silly placeDep ROOT @esbuild/netbsd-arm64@0.27.3 OK for: esbuild@0.27.3 want: 0.27.3
164 silly placeDep ROOT @esbuild/netbsd-x64@0.27.3 OK for: esbuild@0.27.3 want: 0.27.3
165 silly placeDep ROOT @esbuild/openbsd-arm64@0.27.3 OK for: esbuild@0.27.3 want: 0.27.3
166 silly placeDep ROOT @esbuild/openbsd-x64@0.27.3 OK for: esbuild@0.27.3 want: 0.27.3
167 silly placeDep ROOT @esbuild/openharmony-arm64@0.27.3 OK for: esbuild@0.27.3 want: 0.27.3
168 silly placeDep ROOT @esbuild/sunos-x64@0.27.3 OK for: esbuild@0.27.3 want: 0.27.3
169 silly placeDep ROOT @esbuild/win32-arm64@0.27.3 OK for: esbuild@0.27.3 want: 0.27.3
170 silly placeDep ROOT @esbuild/win32-ia32@0.27.3 OK for: esbuild@0.27.3 want: 0.27.3
171 silly placeDep ROOT @esbuild/win32-x64@0.27.3 OK for: esbuild@0.27.3 want: 0.27.3
172 silly placeDep ROOT resolve-pkg-maps@1.0.0 OK for: get-tsconfig@4.13.6 want: ^1.0.0
173 silly reify moves {}
174 silly audit bulk request {
174 silly audit   tsx: [ '4.21.0' ],
174 silly audit   esbuild: [ '0.27.3' ],
174 silly audit   fsevents: [ '2.3.3' ],
174 silly audit   'get-tsconfig': [ '4.13.6' ],
174 silly audit   '@esbuild/aix-ppc64': [ '0.27.3' ],
174 silly audit   '@esbuild/android-arm': [ '0.27.3' ],
174 silly audit   '@esbuild/android-arm64': [ '0.27.3' ],
174 silly audit   '@esbuild/android-x64': [ '0.27.3' ],
174 silly audit   '@esbuild/darwin-arm64': [ '0.27.3' ],
174 silly audit   '@esbuild/darwin-x64': [ '0.27.3' ],
174 silly audit   '@esbuild/freebsd-arm64': [ '0.27.3' ],
174 silly audit   '@esbuild/freebsd-x64': [ '0.27.3' ],
174 silly audit   '@esbuild/linux-arm': [ '0.27.3' ],
174 silly audit   '@esbuild/linux-arm64': [ '0.27.3' ],
174 silly audit   '@esbuild/linux-ia32': [ '0.27.3' ],
174 silly audit   '@esbuild/linux-loong64': [ '0.27.3' ],
174 silly audit   '@esbuild/linux-mips64el': [ '0.27.3' ],
174 silly audit   '@esbuild/linux-ppc64': [ '0.27.3' ],
174 silly audit   '@esbuild/linux-riscv64': [ '0.27.3' ],
174 silly audit   '@esbuild/linux-s390x': [ '0.27.3' ],
174 silly audit   '@esbuild/linux-x64': [ '0.27.3' ],
174 silly audit   '@esbuild/netbsd-arm64': [ '0.27.3' ],
174 silly audit   '@esbuild/netbsd-x64': [ '0.27.3' ],
174 silly audit   '@esbuild/openbsd-arm64': [ '0.27.3' ],
174 silly audit   '@esbuild/openbsd-x64': [ '0.27.3' ],
174 silly audit   '@esbuild/openharmony-arm64': [ '0.27.3' ],
174 silly audit   '@esbuild/sunos-x64': [ '0.27.3' ],
174 silly audit   '@esbuild/win32-arm64': [ '0.27.3' ],
174 silly audit   '@esbuild/win32-ia32': [ '0.27.3' ],
174 silly audit   '@esbuild/win32-x64': [ '0.27.3' ],
174 silly audit   'resolve-pkg-maps': [ '1.0.0' ]
174 silly audit }
175 http cache resolve-pkg-maps@https://registry.npmjs.org/resolve-pkg-maps/-/resolve-pkg-maps-1.0.0.tgz 0ms (cache hit)
176 http cache get-tsconfig@https://registry.npmjs.org/get-tsconfig/-/get-tsconfig-4.13.6.tgz 0ms (cache hit)
177 http cache @esbuild/darwin-arm64@https://registry.npmjs.org/@esbuild/darwin-arm64/-/darwin-arm64-0.27.3.tgz 0ms (cache hit)
178 http cache esbuild@https://registry.npmjs.org/esbuild/-/esbuild-0.27.3.tgz 0ms (cache hit)
179 http cache fsevents@https://registry.npmjs.org/fsevents/-/fsevents-2.3.3.tgz 0ms (cache hit)
180 http cache tsx@https://registry.npmjs.org/tsx/-/tsx-4.21.0.tgz 0ms (cache hit)
181 info run fsevents@2.3.3 install node_modules/fsevents node-gyp rebuild
182 http fetch POST 200 https://registry.npmjs.org/-/npm/v1/security/advisories/bulk 320ms
183 silly audit report {}
184 info run fsevents@2.3.3 install { code: 1, signal: null }
185 verbose reify failed optional dependency /Users/felipevalor/Downloads/Barberias/Barberias/.npm-cache/_npx/fd45a72a545557e9/node_modules/fsevents
186 silly reify mark deleted [
186 silly reify   '/Users/felipevalor/Downloads/Barberias/Barberias/.npm-cache/_npx/fd45a72a545557e9/node_modules/fsevents'
186 silly reify ]
187 info run esbuild@0.27.3 postinstall node_modules/esbuild node install.js
188 info run esbuild@0.27.3 postinstall { code: 0, signal: null }
189 verbose cwd /Users/felipevalor/Downloads/Barberias/Barberias
190 verbose os Darwin 25.3.0
191 verbose node v24.12.0
192 verbose npm  v11.6.2
193 verbose exit 0
194 info ok
